<?xml version="1.0" encoding="UTF-8"?>
<testng-results skipped="0" failed="0" total="1" passed="1">
  <reporter-output>
  </reporter-output>
  <suite name="Default suite" duration-ms="35992" started-at="2015-06-16T10:36:09Z" finished-at="2015-06-16T10:36:45Z">
    <groups>
    </groups>
    <test name="Default test" duration-ms="35992" started-at="2015-06-16T10:36:09Z" finished-at="2015-06-16T10:36:45Z">
      <class name="Demos.emailjen">
        <test-method status="PASS" signature="test()[pri:0, instance:Demos.emailjen@15a8006]" name="test" duration-ms="35976" started-at="2015-06-16T16:06:09Z" finished-at="2015-06-16T16:06:45Z">
          <reporter-output>
          </reporter-output>
        </test-method> <!-- test -->
      </class> <!-- Demos.emailjen -->
    </test> <!-- Default test -->
  </suite> <!-- Default suite -->
</testng-results>
